<?xml version="1.0" encoding="UTF-8"?>
<testng-results total="1" passed="1" failed="0" skipped="0">
  <reporter-output>
  </reporter-output>
  <suite started-at="2019-04-26T21:55:25Z" name="Default suite" finished-at="2019-04-26T21:55:56Z" duration-ms="30353">
    <groups>
    </groups>
    <test started-at="2019-04-26T21:55:25Z" name="Default test" finished-at="2019-04-26T21:55:56Z" duration-ms="30353">
      <class name="test.AddContactTest">
        <test-method signature="AddingContact()[pri:0, instance:test.AddContactTest@4c309d4d]" started-at="2019-04-26T17:55:25Z" name="AddingContact" finished-at="2019-04-26T17:55:56Z" duration-ms="30339" status="PASS">
          <reporter-output>
          </reporter-output>
        </test-method> <!-- AddingContact -->
      </class> <!-- test.AddContactTest -->
    </test> <!-- Default test -->
  </suite> <!-- Default suite -->
</testng-results>
